2025-06-26 02:16:40,218 [INFO] talent_engine: Job requisition accessed via link: Instrumentation Engineer Man for tenant proliance
2025-06-26 02:16:40,228 [INFO] django.server: "GET /api/talent-engine/requisitions/by-link/proliance-instrumentation-engineer-man-9ea58c8c/ HTTP/1.1" 200 2658
2025-06-26 02:17:05,185 [INFO] talent_engine: Job requisition accessed via link: Instrumentation Engineer Man for tenant proliance
2025-06-26 02:17:05,192 [INFO] django.server: "GET /api/talent-engine/requisitions/by-link/proliance-instrumentation-engineer-man-9ea58c8c/ HTTP/1.1" 200 2658
2025-06-26 02:18:14,211 [INFO] talent_engine: Job requisition accessed via link: Instrumentation Engineer Man for tenant proliance
2025-06-26 02:18:14,217 [INFO] django.server: "GET /api/talent-engine/requisitions/by-link/proliance-instrumentation-engineer-man-9ea58c8c/ HTTP/1.1" 200 2658
2025-06-26 02:18:14,287 [INFO] talent_engine: Job requisition accessed via link: Instrumentation Engineer Man for tenant proliance
2025-06-26 02:18:14,292 [INFO] django.server: "GET /api/talent-engine/requisitions/by-link/proliance-instrumentation-engineer-man-9ea58c8c/ HTTP/1.1" 200 2658
2025-06-26 02:18:37,202 [INFO] talent_engine: Job requisition accessed via link: Instrumentation Engineer Man for tenant proliance
2025-06-26 02:18:37,209 [INFO] django.server: "GET /api/talent-engine/requisitions/by-link/proliance-instrumentation-engineer-man-9ea58c8c/ HTTP/1.1" 200 2658
2025-06-26 02:21:15,188 [INFO] talent_engine: Job requisition accessed via link: Instrumentation Engineer Man for tenant proliance
2025-06-26 02:21:15,195 [INFO] django.server: "GET /api/talent-engine/requisitions/by-link/proliance-instrumentation-engineer-man-9ea58c8c/ HTTP/1.1" 200 2658
2025-06-26 02:22:39,182 [INFO] talent_engine: Job requisition accessed via link: Instrumentation Engineer Man for tenant proliance
2025-06-26 02:22:39,191 [INFO] django.server: "GET /api/talent-engine/requisitions/by-link/proliance-instrumentation-engineer-man-9ea58c8c/ HTTP/1.1" 200 2658
2025-06-26 02:22:39,258 [INFO] talent_engine: Job requisition accessed via link: Instrumentation Engineer Man for tenant proliance
2025-06-26 02:22:39,263 [INFO] django.server: "GET /api/talent-engine/requisitions/by-link/proliance-instrumentation-engineer-man-9ea58c8c/ HTTP/1.1" 200 2658
2025-06-26 02:23:17,182 [INFO] talent_engine: Job requisition accessed via link: Instrumentation Engineer Man for tenant proliance
2025-06-26 02:23:17,188 [INFO] django.server: "GET /api/talent-engine/requisitions/by-link/proliance-instrumentation-engineer-man-9ea58c8c/ HTTP/1.1" 200 2658
2025-06-26 02:24:21,192 [INFO] talent_engine: Job requisition accessed via link: Instrumentation Engineer Man for tenant proliance
2025-06-26 02:24:21,200 [INFO] django.server: "GET /api/talent-engine/requisitions/by-link/proliance-instrumentation-engineer-man-9ea58c8c/ HTTP/1.1" 200 2658
2025-06-26 02:24:28,301 [INFO] talent_engine: Job requisition accessed via link: Instrumentation Engineer Man for tenant proliance
2025-06-26 02:24:28,308 [INFO] django.server: "GET /api/talent-engine/requisitions/by-link/proliance-instrumentation-engineer-man-9ea58c8c/ HTTP/1.1" 200 2658
2025-06-26 02:25:08,529 [WARNING] django.request: Bad Request: /api/talent-engine-job-applications/applications/
2025-06-26 02:25:08,529 [WARNING] django.server: "POST /api/talent-engine-job-applications/applications/ HTTP/1.1" 400 235
2025-06-26 02:28:09,815 [INFO] django.utils.autoreload: C:\Users\CPT-003\Desktop\Proliance Source Codes\Backend\crm_api\job_application\models.py changed, reloading.
2025-06-26 02:28:11,847 [INFO] django.utils.autoreload: Watching for file changes with StatReloader
2025-06-26 02:28:22,796 [INFO] django.utils.autoreload: C:\Users\CPT-003\Desktop\Proliance Source Codes\Backend\crm_api\job_application\serializers.py changed, reloading.
2025-06-26 02:28:24,547 [INFO] django.utils.autoreload: Watching for file changes with StatReloader
2025-06-26 02:28:27,729 [INFO] django.utils.autoreload: C:\Users\CPT-003\Desktop\Proliance Source Codes\Backend\crm_api\job_application\serializers.py changed, reloading.
2025-06-26 02:28:29,603 [INFO] django.utils.autoreload: Watching for file changes with StatReloader
2025-06-26 02:51:33,935 [INFO] django.utils.autoreload: Watching for file changes with StatReloader
2025-06-26 02:52:02,631 [INFO] django.server: "POST /api/token/ HTTP/1.1" 200 1086
2025-06-26 02:52:02,799 [INFO] django.server: "GET /api/token/validate/ HTTP/1.1" 200 502
2025-06-26 02:52:02,938 [INFO] django.server: "GET /api/token/validate/ HTTP/1.1" 200 502
2025-06-26 02:52:09,463 [INFO] django.server: "GET /api/talent-engine/requisitions/ HTTP/1.1" 200 15365
2025-06-26 02:52:09,604 [INFO] django.server: "GET /api/talent-engine/requisitions/ HTTP/1.1" 200 15365
2025-06-26 02:53:00,226 [INFO] django.server: "GET /api/talent-engine/requisitions/ HTTP/1.1" 200 15365
2025-06-26 02:53:51,216 [INFO] django.server: "GET /api/talent-engine/requisitions/ HTTP/1.1" 200 15365
2025-06-26 02:54:21,923 [ERROR] django.request: Internal Server Error: /api/talent-engine/requisitions/
Traceback (most recent call last):
  File "C:\Users\CPT-003\Desktop\Proliance Source Codes\Backend\crm_api\venv\Lib\site-packages\django\db\backends\utils.py", line 105, in _execute
    return self.cursor.execute(sql, params)
           ~~~~~~~~~~~~~~~~~~~^^^^^^^^^^^^^
psycopg2.errors.StringDataRightTruncation: value too long for type character varying(10)


The above exception was the direct cause of the following exception:

Traceback (most recent call last):
  File "C:\Users\CPT-003\Desktop\Proliance Source Codes\Backend\crm_api\venv\Lib\site-packages\django\core\handlers\exception.py", line 55, in inner
    response = get_response(request)
  File "C:\Users\CPT-003\Desktop\Proliance Source Codes\Backend\crm_api\venv\Lib\site-packages\django\core\handlers\base.py", line 197, in _get_response
    response = wrapped_callback(request, *callback_args, **callback_kwargs)
  File "C:\Users\CPT-003\Desktop\Proliance Source Codes\Backend\crm_api\venv\Lib\site-packages\django\views\decorators\csrf.py", line 65, in _view_wrapper
    return view_func(request, *args, **kwargs)
  File "C:\Users\CPT-003\Desktop\Proliance Source Codes\Backend\crm_api\venv\Lib\site-packages\django\views\generic\base.py", line 104, in view
    return self.dispatch(request, *args, **kwargs)
           ~~~~~~~~~~~~~^^^^^^^^^^^^^^^^^^^^^^^^^^
  File "C:\Users\CPT-003\Desktop\Proliance Source Codes\Backend\crm_api\venv\Lib\site-packages\rest_framework\views.py", line 515, in dispatch
    response = self.handle_exception(exc)
  File "C:\Users\CPT-003\Desktop\Proliance Source Codes\Backend\crm_api\venv\Lib\site-packages\rest_framework\views.py", line 475, in handle_exception
    self.raise_uncaught_exception(exc)
    ~~~~~~~~~~~~~~~~~~~~~~~~~~~~~^^^^^
  File "C:\Users\CPT-003\Desktop\Proliance Source Codes\Backend\crm_api\venv\Lib\site-packages\rest_framework\views.py", line 486, in raise_uncaught_exception
    raise exc
  File "C:\Users\CPT-003\Desktop\Proliance Source Codes\Backend\crm_api\venv\Lib\site-packages\rest_framework\views.py", line 512, in dispatch
    response = handler(request, *args, **kwargs)
  File "C:\Users\CPT-003\Desktop\Proliance Source Codes\Backend\crm_api\venv\Lib\site-packages\rest_framework\generics.py", line 246, in post
    return self.create(request, *args, **kwargs)
           ~~~~~~~~~~~^^^^^^^^^^^^^^^^^^^^^^^^^^
  File "C:\Users\CPT-003\Desktop\Proliance Source Codes\Backend\crm_api\venv\Lib\site-packages\rest_framework\mixins.py", line 19, in create
    self.perform_create(serializer)
    ~~~~~~~~~~~~~~~~~~~^^^^^^^^^^^^
  File "C:\Users\CPT-003\Desktop\Proliance Source Codes\Backend\crm_api\talent_engine\views.py", line 69, in perform_create
    serializer.save(tenant=tenant)
    ~~~~~~~~~~~~~~~^^^^^^^^^^^^^^^
  File "C:\Users\CPT-003\Desktop\Proliance Source Codes\Backend\crm_api\venv\Lib\site-packages\rest_framework\serializers.py", line 210, in save
    self.instance = self.create(validated_data)
                    ~~~~~~~~~~~^^^^^^^^^^^^^^^^
  File "C:\Users\CPT-003\Desktop\Proliance Source Codes\Backend\crm_api\venv\Lib\site-packages\rest_framework\serializers.py", line 991, in create
    instance = ModelClass._default_manager.create(**validated_data)
  File "C:\Users\CPT-003\Desktop\Proliance Source Codes\Backend\crm_api\venv\Lib\site-packages\django\db\models\manager.py", line 87, in manager_method
    return getattr(self.get_queryset(), name)(*args, **kwargs)
           ~~~~~~~~~~~~~~~~~~~~~~~~~~~~~~~~~~^^^^^^^^^^^^^^^^^
  File "C:\Users\CPT-003\Desktop\Proliance Source Codes\Backend\crm_api\venv\Lib\site-packages\django\db\models\query.py", line 663, in create
    obj.save(force_insert=True, using=self.db)
    ~~~~~~~~^^^^^^^^^^^^^^^^^^^^^^^^^^^^^^^^^^
  File "C:\Users\CPT-003\Desktop\Proliance Source Codes\Backend\crm_api\talent_engine\models.py", line 117, in save
    super().save(*args, **kwargs)
    ~~~~~~~~~~~~^^^^^^^^^^^^^^^^^
  File "C:\Users\CPT-003\Desktop\Proliance Source Codes\Backend\crm_api\venv\Lib\site-packages\django\db\models\base.py", line 902, in save
    self.save_base(
    ~~~~~~~~~~~~~~^
        using=using,
        ^^^^^^^^^^^^
    ...<2 lines>...
        update_fields=update_fields,
        ^^^^^^^^^^^^^^^^^^^^^^^^^^^^
    )
    ^
  File "C:\Users\CPT-003\Desktop\Proliance Source Codes\Backend\crm_api\venv\Lib\site-packages\django\db\models\base.py", line 1008, in save_base
    updated = self._save_table(
        raw,
    ...<4 lines>...
        update_fields,
    )
  File "C:\Users\CPT-003\Desktop\Proliance Source Codes\Backend\crm_api\venv\Lib\site-packages\django\db\models\base.py", line 1169, in _save_table
    results = self._do_insert(
        cls._base_manager, using, fields, returning_fields, raw
    )
  File "C:\Users\CPT-003\Desktop\Proliance Source Codes\Backend\crm_api\venv\Lib\site-packages\django\db\models\base.py", line 1210, in _do_insert
    return manager._insert(
           ~~~~~~~~~~~~~~~^
        [self],
        ^^^^^^^
    ...<3 lines>...
        raw=raw,
        ^^^^^^^^
    )
    ^
  File "C:\Users\CPT-003\Desktop\Proliance Source Codes\Backend\crm_api\venv\Lib\site-packages\django\db\models\manager.py", line 87, in manager_method
    return getattr(self.get_queryset(), name)(*args, **kwargs)
           ~~~~~~~~~~~~~~~~~~~~~~~~~~~~~~~~~~^^^^^^^^^^^^^^^^^
  File "C:\Users\CPT-003\Desktop\Proliance Source Codes\Backend\crm_api\venv\Lib\site-packages\django\db\models\query.py", line 1868, in _insert
    return query.get_compiler(using=using).execute_sql(returning_fields)
           ~~~~~~~~~~~~~~~~~~~~~~~~~~~~~~~~~~~~~~~~~~~^^^^^^^^^^^^^^^^^^
  File "C:\Users\CPT-003\Desktop\Proliance Source Codes\Backend\crm_api\venv\Lib\site-packages\django\db\models\sql\compiler.py", line 1882, in execute_sql
    cursor.execute(sql, params)
    ~~~~~~~~~~~~~~^^^^^^^^^^^^^
  File "C:\Users\CPT-003\Desktop\Proliance Source Codes\Backend\crm_api\venv\Lib\site-packages\django\db\backends\utils.py", line 79, in execute
    return self._execute_with_wrappers(
           ~~~~~~~~~~~~~~~~~~~~~~~~~~~^
        sql, params, many=False, executor=self._execute
        ^^^^^^^^^^^^^^^^^^^^^^^^^^^^^^^^^^^^^^^^^^^^^^^
    )
    ^
  File "C:\Users\CPT-003\Desktop\Proliance Source Codes\Backend\crm_api\venv\Lib\site-packages\django\db\backends\utils.py", line 92, in _execute_with_wrappers
    return executor(sql, params, many, context)
  File "C:\Users\CPT-003\Desktop\Proliance Source Codes\Backend\crm_api\venv\Lib\site-packages\django\db\backends\utils.py", line 100, in _execute
    with self.db.wrap_database_errors:
         ^^^^^^^^^^^^^^^^^^^^^^^^^^^^
  File "C:\Users\CPT-003\Desktop\Proliance Source Codes\Backend\crm_api\venv\Lib\site-packages\django\db\utils.py", line 91, in __exit__
    raise dj_exc_value.with_traceback(traceback) from exc_value
  File "C:\Users\CPT-003\Desktop\Proliance Source Codes\Backend\crm_api\venv\Lib\site-packages\django\db\backends\utils.py", line 105, in _execute
    return self.cursor.execute(sql, params)
           ~~~~~~~~~~~~~~~~~~~^^^^^^^^^^^^^
django.db.utils.DataError: value too long for type character varying(10)

2025-06-26 02:54:22,017 [ERROR] django.server: "POST /api/talent-engine/requisitions/ HTTP/1.1" 500 145
2025-06-26 02:55:41,705 [INFO] django.utils.autoreload: C:\Users\CPT-003\Desktop\Proliance Source Codes\Backend\crm_api\talent_engine\models.py changed, reloading.
2025-06-26 02:55:43,740 [INFO] django.utils.autoreload: Watching for file changes with StatReloader
2025-06-26 02:56:07,032 [INFO] django.utils.autoreload: C:\Users\CPT-003\Desktop\Proliance Source Codes\Backend\crm_api\job_application\models.py changed, reloading.
2025-06-26 02:56:08,834 [INFO] django.utils.autoreload: Watching for file changes with StatReloader
2025-06-26 02:56:11,350 [INFO] django.utils.autoreload: C:\Users\CPT-003\Desktop\Proliance Source Codes\Backend\crm_api\job_application\models.py changed, reloading.
2025-06-26 02:56:13,596 [INFO] django.utils.autoreload: Watching for file changes with StatReloader
2025-06-26 02:56:17,491 [INFO] django.server: "GET /api/token/validate/ HTTP/1.1" 200 502
2025-06-26 02:56:17,708 [INFO] django.server: "GET /api/token/validate/ HTTP/1.1" 200 502
2025-06-26 02:56:18,030 [INFO] django.server: "GET /api/talent-engine/requisitions/ HTTP/1.1" 200 15365
2025-06-26 02:56:18,314 [INFO] django.server: "GET /api/talent-engine/requisitions/ HTTP/1.1" 200 15365
2025-06-26 02:57:08,341 [INFO] django.server: "GET /api/talent-engine/requisitions/ HTTP/1.1" 200 15365
2025-06-26 02:57:32,614 [ERROR] django.request: Internal Server Error: /api/talent-engine/requisitions/
Traceback (most recent call last):
  File "C:\Users\CPT-003\Desktop\Proliance Source Codes\Backend\crm_api\venv\Lib\site-packages\django\db\backends\utils.py", line 105, in _execute
    return self.cursor.execute(sql, params)
           ~~~~~~~~~~~~~~~~~~~^^^^^^^^^^^^^
psycopg2.errors.StringDataRightTruncation: value too long for type character varying(10)


The above exception was the direct cause of the following exception:

Traceback (most recent call last):
  File "C:\Users\CPT-003\Desktop\Proliance Source Codes\Backend\crm_api\venv\Lib\site-packages\django\core\handlers\exception.py", line 55, in inner
    response = get_response(request)
  File "C:\Users\CPT-003\Desktop\Proliance Source Codes\Backend\crm_api\venv\Lib\site-packages\django\core\handlers\base.py", line 197, in _get_response
    response = wrapped_callback(request, *callback_args, **callback_kwargs)
  File "C:\Users\CPT-003\Desktop\Proliance Source Codes\Backend\crm_api\venv\Lib\site-packages\django\views\decorators\csrf.py", line 65, in _view_wrapper
    return view_func(request, *args, **kwargs)
  File "C:\Users\CPT-003\Desktop\Proliance Source Codes\Backend\crm_api\venv\Lib\site-packages\django\views\generic\base.py", line 104, in view
    return self.dispatch(request, *args, **kwargs)
           ~~~~~~~~~~~~~^^^^^^^^^^^^^^^^^^^^^^^^^^
  File "C:\Users\CPT-003\Desktop\Proliance Source Codes\Backend\crm_api\venv\Lib\site-packages\rest_framework\views.py", line 515, in dispatch
    response = self.handle_exception(exc)
  File "C:\Users\CPT-003\Desktop\Proliance Source Codes\Backend\crm_api\venv\Lib\site-packages\rest_framework\views.py", line 475, in handle_exception
    self.raise_uncaught_exception(exc)
    ~~~~~~~~~~~~~~~~~~~~~~~~~~~~~^^^^^
  File "C:\Users\CPT-003\Desktop\Proliance Source Codes\Backend\crm_api\venv\Lib\site-packages\rest_framework\views.py", line 486, in raise_uncaught_exception
    raise exc
  File "C:\Users\CPT-003\Desktop\Proliance Source Codes\Backend\crm_api\venv\Lib\site-packages\rest_framework\views.py", line 512, in dispatch
    response = handler(request, *args, **kwargs)
  File "C:\Users\CPT-003\Desktop\Proliance Source Codes\Backend\crm_api\venv\Lib\site-packages\rest_framework\generics.py", line 246, in post
    return self.create(request, *args, **kwargs)
           ~~~~~~~~~~~^^^^^^^^^^^^^^^^^^^^^^^^^^
  File "C:\Users\CPT-003\Desktop\Proliance Source Codes\Backend\crm_api\venv\Lib\site-packages\rest_framework\mixins.py", line 19, in create
    self.perform_create(serializer)
    ~~~~~~~~~~~~~~~~~~~^^^^^^^^^^^^
  File "C:\Users\CPT-003\Desktop\Proliance Source Codes\Backend\crm_api\talent_engine\views.py", line 69, in perform_create
    serializer.save(tenant=tenant)
    ~~~~~~~~~~~~~~~^^^^^^^^^^^^^^^
  File "C:\Users\CPT-003\Desktop\Proliance Source Codes\Backend\crm_api\venv\Lib\site-packages\rest_framework\serializers.py", line 210, in save
    self.instance = self.create(validated_data)
                    ~~~~~~~~~~~^^^^^^^^^^^^^^^^
  File "C:\Users\CPT-003\Desktop\Proliance Source Codes\Backend\crm_api\venv\Lib\site-packages\rest_framework\serializers.py", line 991, in create
    instance = ModelClass._default_manager.create(**validated_data)
  File "C:\Users\CPT-003\Desktop\Proliance Source Codes\Backend\crm_api\venv\Lib\site-packages\django\db\models\manager.py", line 87, in manager_method
    return getattr(self.get_queryset(), name)(*args, **kwargs)
           ~~~~~~~~~~~~~~~~~~~~~~~~~~~~~~~~~~^^^^^^^^^^^^^^^^^
  File "C:\Users\CPT-003\Desktop\Proliance Source Codes\Backend\crm_api\venv\Lib\site-packages\django\db\models\query.py", line 663, in create
    obj.save(force_insert=True, using=self.db)
    ~~~~~~~~^^^^^^^^^^^^^^^^^^^^^^^^^^^^^^^^^^
  File "C:\Users\CPT-003\Desktop\Proliance Source Codes\Backend\crm_api\talent_engine\models.py", line 118, in save
    super().save(*args, **kwargs)
    ~~~~~~~~~~~~^^^^^^^^^^^^^^^^^
  File "C:\Users\CPT-003\Desktop\Proliance Source Codes\Backend\crm_api\venv\Lib\site-packages\django\db\models\base.py", line 902, in save
    self.save_base(
    ~~~~~~~~~~~~~~^
        using=using,
        ^^^^^^^^^^^^
    ...<2 lines>...
        update_fields=update_fields,
        ^^^^^^^^^^^^^^^^^^^^^^^^^^^^
    )
    ^
  File "C:\Users\CPT-003\Desktop\Proliance Source Codes\Backend\crm_api\venv\Lib\site-packages\django\db\models\base.py", line 1008, in save_base
    updated = self._save_table(
        raw,
    ...<4 lines>...
        update_fields,
    )
  File "C:\Users\CPT-003\Desktop\Proliance Source Codes\Backend\crm_api\venv\Lib\site-packages\django\db\models\base.py", line 1169, in _save_table
    results = self._do_insert(
        cls._base_manager, using, fields, returning_fields, raw
    )
  File "C:\Users\CPT-003\Desktop\Proliance Source Codes\Backend\crm_api\venv\Lib\site-packages\django\db\models\base.py", line 1210, in _do_insert
    return manager._insert(
           ~~~~~~~~~~~~~~~^
        [self],
        ^^^^^^^
    ...<3 lines>...
        raw=raw,
        ^^^^^^^^
    )
    ^
  File "C:\Users\CPT-003\Desktop\Proliance Source Codes\Backend\crm_api\venv\Lib\site-packages\django\db\models\manager.py", line 87, in manager_method
    return getattr(self.get_queryset(), name)(*args, **kwargs)
           ~~~~~~~~~~~~~~~~~~~~~~~~~~~~~~~~~~^^^^^^^^^^^^^^^^^
  File "C:\Users\CPT-003\Desktop\Proliance Source Codes\Backend\crm_api\venv\Lib\site-packages\django\db\models\query.py", line 1868, in _insert
    return query.get_compiler(using=using).execute_sql(returning_fields)
           ~~~~~~~~~~~~~~~~~~~~~~~~~~~~~~~~~~~~~~~~~~~^^^^^^^^^^^^^^^^^^
  File "C:\Users\CPT-003\Desktop\Proliance Source Codes\Backend\crm_api\venv\Lib\site-packages\django\db\models\sql\compiler.py", line 1882, in execute_sql
    cursor.execute(sql, params)
    ~~~~~~~~~~~~~~^^^^^^^^^^^^^
  File "C:\Users\CPT-003\Desktop\Proliance Source Codes\Backend\crm_api\venv\Lib\site-packages\django\db\backends\utils.py", line 79, in execute
    return self._execute_with_wrappers(
           ~~~~~~~~~~~~~~~~~~~~~~~~~~~^
        sql, params, many=False, executor=self._execute
        ^^^^^^^^^^^^^^^^^^^^^^^^^^^^^^^^^^^^^^^^^^^^^^^
    )
    ^
  File "C:\Users\CPT-003\Desktop\Proliance Source Codes\Backend\crm_api\venv\Lib\site-packages\django\db\backends\utils.py", line 92, in _execute_with_wrappers
    return executor(sql, params, many, context)
  File "C:\Users\CPT-003\Desktop\Proliance Source Codes\Backend\crm_api\venv\Lib\site-packages\django\db\backends\utils.py", line 100, in _execute
    with self.db.wrap_database_errors:
         ^^^^^^^^^^^^^^^^^^^^^^^^^^^^
  File "C:\Users\CPT-003\Desktop\Proliance Source Codes\Backend\crm_api\venv\Lib\site-packages\django\db\utils.py", line 91, in __exit__
    raise dj_exc_value.with_traceback(traceback) from exc_value
  File "C:\Users\CPT-003\Desktop\Proliance Source Codes\Backend\crm_api\venv\Lib\site-packages\django\db\backends\utils.py", line 105, in _execute
    return self.cursor.execute(sql, params)
           ~~~~~~~~~~~~~~~~~~~^^^^^^^^^^^^^
django.db.utils.DataError: value too long for type character varying(10)

2025-06-26 02:57:32,626 [ERROR] django.server: "POST /api/talent-engine/requisitions/ HTTP/1.1" 500 145
2025-06-26 03:00:43,870 [INFO] django.utils.autoreload: Watching for file changes with StatReloader
2025-06-26 03:01:05,655 [INFO] django.server: "GET /api/token/validate/ HTTP/1.1" 200 502
2025-06-26 03:01:05,767 [INFO] django.server: "GET /api/token/validate/ HTTP/1.1" 200 502
2025-06-26 03:01:05,931 [INFO] django.server: "GET /api/talent-engine/requisitions/ HTTP/1.1" 200 15365
2025-06-26 03:01:06,060 [INFO] django.server: "GET /api/talent-engine/requisitions/ HTTP/1.1" 200 15365
2025-06-26 03:01:56,235 [INFO] django.server: "GET /api/talent-engine/requisitions/ HTTP/1.1" 200 15365
2025-06-26 03:02:17,446 [INFO] talent_engine: Job requisition created: Senior Backend Engineer for tenant proliance
2025-06-26 03:02:17,452 [INFO] django.server: "POST /api/talent-engine/requisitions/ HTTP/1.1" 201 1142
2025-06-26 03:02:22,624 [INFO] django.server: "GET /api/token/validate/ HTTP/1.1" 200 502
2025-06-26 03:02:22,718 [INFO] django.server: "GET /api/token/validate/ HTTP/1.1" 200 502
2025-06-26 03:02:22,845 [INFO] django.server: "GET /api/talent-engine/requisitions/ HTTP/1.1" 200 16508
2025-06-26 03:02:23,117 [INFO] django.server: "GET /api/talent-engine/requisitions/ HTTP/1.1" 200 16508
2025-06-26 03:03:12,934 [INFO] django.server: "GET /api/talent-engine/requisitions/ HTTP/1.1" 200 16508
2025-06-26 03:04:02,903 [INFO] django.server: "GET /api/talent-engine/requisitions/ HTTP/1.1" 200 16508
2025-06-26 03:04:52,924 [INFO] django.server: "GET /api/talent-engine/requisitions/ HTTP/1.1" 200 16508
2025-06-26 03:05:42,979 [INFO] django.server: "GET /api/talent-engine/requisitions/ HTTP/1.1" 200 16508
2025-06-26 03:06:33,016 [INFO] django.server: "GET /api/talent-engine/requisitions/ HTTP/1.1" 200 16508
2025-06-26 03:07:23,049 [INFO] django.server: "GET /api/talent-engine/requisitions/ HTTP/1.1" 200 16508
2025-06-26 03:08:13,254 [INFO] django.server: "GET /api/talent-engine/requisitions/ HTTP/1.1" 200 16508
2025-06-26 03:09:03,312 [INFO] django.server: "GET /api/talent-engine/requisitions/ HTTP/1.1" 200 16508
2025-06-26 03:09:53,358 [INFO] django.server: "GET /api/talent-engine/requisitions/ HTTP/1.1" 200 16508
2025-06-26 03:10:16,570 [INFO] django.server: "GET /api/talent-engine/requisitions/ HTTP/1.1" 200 16508
2025-06-26 03:10:16,700 [INFO] django.server: "GET /api/talent-engine/requisitions/ HTTP/1.1" 200 16508
2025-06-26 03:11:07,238 [INFO] django.server: "GET /api/talent-engine/requisitions/ HTTP/1.1" 200 16508
2025-06-26 03:11:11,738 [INFO] django.server: "GET /api/talent-engine/requisitions/ HTTP/1.1" 200 16508
2025-06-26 03:11:11,932 [INFO] django.server: "GET /api/talent-engine/requisitions/ HTTP/1.1" 200 16508
2025-06-26 03:11:15,208 [ERROR] django.request: Internal Server Error: /api/talent-engine-job-applications/published-requisitions-with-shortlisted/
2025-06-26 03:11:15,209 [ERROR] django.server: "GET /api/talent-engine-job-applications/published-requisitions-with-shortlisted/ HTTP/1.1" 500 138
2025-06-26 03:11:15,339 [ERROR] django.request: Internal Server Error: /api/talent-engine-job-applications/published-requisitions-with-shortlisted/
2025-06-26 03:11:15,340 [ERROR] django.server: "GET /api/talent-engine-job-applications/published-requisitions-with-shortlisted/ HTTP/1.1" 500 138
2025-06-26 03:11:21,568 [INFO] django.server: "GET /api/token/validate/ HTTP/1.1" 200 502
2025-06-26 03:11:21,711 [INFO] django.server: "GET /api/token/validate/ HTTP/1.1" 200 502
2025-06-26 03:11:21,807 [ERROR] django.request: Internal Server Error: /api/talent-engine-job-applications/published-requisitions-with-shortlisted/
2025-06-26 03:11:21,809 [ERROR] django.server: "GET /api/talent-engine-job-applications/published-requisitions-with-shortlisted/ HTTP/1.1" 500 138
2025-06-26 03:11:21,919 [ERROR] django.request: Internal Server Error: /api/talent-engine-job-applications/published-requisitions-with-shortlisted/
2025-06-26 03:11:21,919 [ERROR] django.server: "GET /api/talent-engine-job-applications/published-requisitions-with-shortlisted/ HTTP/1.1" 500 138
2025-06-26 03:13:13,437 [INFO] django.server: "GET /api/talent-engine/requisitions/ HTTP/1.1" 200 16508
2025-06-26 03:13:13,535 [INFO] django.server: "GET /api/talent-engine/requisitions/ HTTP/1.1" 200 16508
2025-06-26 03:13:14,623 [ERROR] django.request: Internal Server Error: /api/talent-engine-job-applications/published-requisitions-with-shortlisted/
2025-06-26 03:13:14,623 [ERROR] django.server: "GET /api/talent-engine-job-applications/published-requisitions-with-shortlisted/ HTTP/1.1" 500 138
2025-06-26 03:13:14,725 [ERROR] django.request: Internal Server Error: /api/talent-engine-job-applications/published-requisitions-with-shortlisted/
2025-06-26 03:13:14,725 [ERROR] django.server: "GET /api/talent-engine-job-applications/published-requisitions-with-shortlisted/ HTTP/1.1" 500 138
2025-06-26 03:13:43,801 [INFO] django.utils.autoreload: C:\Users\CPT-003\Desktop\Proliance Source Codes\Backend\crm_api\job_application\serializers.py changed, reloading.
2025-06-26 03:13:45,634 [INFO] django.utils.autoreload: Watching for file changes with StatReloader
2025-06-26 03:13:48,979 [INFO] django.server: "GET /api/token/validate/ HTTP/1.1" 200 502
2025-06-26 03:13:49,118 [INFO] django.server: "GET /api/token/validate/ HTTP/1.1" 200 502
2025-06-26 03:13:49,220 [INFO] django.server: "GET /api/talent-engine-job-applications/published-requisitions-with-shortlisted/ HTTP/1.1" 200 41918
2025-06-26 03:13:49,379 [INFO] django.server: "GET /api/talent-engine-job-applications/published-requisitions-with-shortlisted/ HTTP/1.1" 200 41918
2025-06-26 03:13:51,266 [INFO] django.server: "GET /api/talent-engine/requisitions/ HTTP/1.1" 200 16508
2025-06-26 03:13:51,380 [INFO] django.server: "GET /api/talent-engine/requisitions/ HTTP/1.1" 200 16508
2025-06-26 03:13:52,286 [INFO] django.server: "GET /api/talent-engine/requisitions/ HTTP/1.1" 200 16508
2025-06-26 03:13:52,393 [INFO] django.server: "GET /api/talent-engine/requisitions/ HTTP/1.1" 200 16508
2025-06-26 03:13:53,077 [INFO] django.server: "GET /api/talent-engine/requisitions/ HTTP/1.1" 200 16508
2025-06-26 03:13:53,179 [INFO] django.server: "GET /api/talent-engine/requisitions/ HTTP/1.1" 200 16508
2025-06-26 03:13:54,581 [INFO] django.server: "GET /api/talent-engine-job-applications/published-requisitions-with-shortlisted/ HTTP/1.1" 200 41918
2025-06-26 03:13:54,739 [INFO] django.server: "GET /api/talent-engine-job-applications/published-requisitions-with-shortlisted/ HTTP/1.1" 200 41918
2025-06-26 03:13:56,178 [INFO] django.server: "GET /api/talent-engine/requisitions/ HTTP/1.1" 200 16508
2025-06-26 03:13:56,296 [INFO] django.server: "GET /api/talent-engine/requisitions/ HTTP/1.1" 200 16508
2025-06-26 03:13:57,469 [INFO] django.server: "GET /api/talent-engine-job-applications/published-requisitions-with-shortlisted/ HTTP/1.1" 200 41918
2025-06-26 03:13:57,631 [INFO] django.server: "GET /api/talent-engine-job-applications/published-requisitions-with-shortlisted/ HTTP/1.1" 200 41918
2025-06-26 03:14:04,409 [INFO] django.utils.autoreload: C:\Users\CPT-003\Desktop\Proliance Source Codes\Backend\crm_api\job_application\serializers.py changed, reloading.
2025-06-26 03:14:06,502 [INFO] django.utils.autoreload: Watching for file changes with StatReloader
2025-06-26 03:14:21,394 [INFO] django.server: "GET /api/talent-engine/requisitions/ HTTP/1.1" 200 16508
2025-06-26 03:14:21,498 [INFO] django.server: "GET /api/talent-engine/requisitions/ HTTP/1.1" 200 16508
2025-06-26 03:14:23,129 [INFO] django.server: "GET /api/token/validate/ HTTP/1.1" 200 502
2025-06-26 03:14:23,275 [INFO] django.server: "GET /api/token/validate/ HTTP/1.1" 200 502
2025-06-26 03:14:23,377 [INFO] django.server: "GET /api/talent-engine/requisitions/ HTTP/1.1" 200 16508
2025-06-26 03:14:23,480 [INFO] django.server: "GET /api/talent-engine/requisitions/ HTTP/1.1" 200 16508
2025-06-26 03:14:25,173 [INFO] django.server: "GET /api/talent-engine/requisitions/ HTTP/1.1" 200 16508
2025-06-26 03:14:25,280 [INFO] django.server: "GET /api/talent-engine/requisitions/ HTTP/1.1" 200 16508
2025-06-26 03:14:27,682 [INFO] django.server: "GET /api/talent-engine/requisitions/PRO-0001/ HTTP/1.1" 200 4115
2025-06-26 03:14:27,758 [INFO] django.server: "GET /api/talent-engine/requisitions/PRO-0001/ HTTP/1.1" 200 4115
2025-06-26 03:14:30,479 [INFO] django.server: "GET /api/talent-engine/requisitions/ HTTP/1.1" 200 16508
2025-06-26 03:14:30,592 [INFO] django.server: "GET /api/talent-engine/requisitions/ HTTP/1.1" 200 16508
2025-06-26 03:14:32,621 [INFO] django.server: "OPTIONS /api/talent-engine-job-applications/applications/job-requisitions/PRO-0001/applications/ HTTP/1.1" 200 0
2025-06-26 03:14:32,624 [INFO] django.server: "OPTIONS /api/talent-engine-job-applications/applications/job-requisitions/PRO-0001/applications/ HTTP/1.1" 200 0
2025-06-26 03:14:32,710 [ERROR] django.request: Internal Server Error: /api/talent-engine-job-applications/applications/job-requisitions/PRO-0001/applications/
2025-06-26 03:14:32,710 [ERROR] django.server: "GET /api/talent-engine-job-applications/applications/job-requisitions/PRO-0001/applications/ HTTP/1.1" 500 138
2025-06-26 03:14:32,788 [ERROR] django.request: Internal Server Error: /api/talent-engine-job-applications/applications/job-requisitions/PRO-0001/applications/
2025-06-26 03:14:32,789 [ERROR] django.server: "GET /api/talent-engine-job-applications/applications/job-requisitions/PRO-0001/applications/ HTTP/1.1" 500 138
2025-06-26 03:15:23,841 [INFO] django.utils.autoreload: C:\Users\CPT-003\Desktop\Proliance Source Codes\Backend\crm_api\job_application\models.py changed, reloading.
2025-06-26 03:21:28,833 [INFO] django.utils.autoreload: Watching for file changes with StatReloader
2025-06-26 03:21:38,901 [INFO] django.server: "GET /api/token/validate/ HTTP/1.1" 200 507
2025-06-26 03:21:43,164 [INFO] django.server: "GET /api/token/validate/ HTTP/1.1" 200 507
2025-06-26 03:21:44,883 [ERROR] django.request: Internal Server Error: /api/talent-engine-job-applications/applications/job-requisitions/PRO-0001/applications/
2025-06-26 03:21:44,884 [ERROR] django.server: "GET /api/talent-engine-job-applications/applications/job-requisitions/PRO-0001/applications/ HTTP/1.1" 500 55
2025-06-26 03:21:50,991 [ERROR] django.request: Internal Server Error: /api/talent-engine-job-applications/applications/job-requisitions/PRO-0001/applications/
2025-06-26 03:21:50,999 [ERROR] django.server: "GET /api/talent-engine-job-applications/applications/job-requisitions/PRO-0001/applications/ HTTP/1.1" 500 55
2025-06-26 03:22:04,551 [INFO] django.server: "GET /api/talent-engine/requisitions/ HTTP/1.1" 200 9139
2025-06-26 03:22:04,681 [INFO] django.utils.autoreload: C:\Users\CPT-003\Desktop\Proliance Source Codes\Backend\crm_api\lumina_care\settings.py changed, reloading.
2025-06-26 03:22:06,365 [INFO] django.utils.autoreload: Watching for file changes with StatReloader
2025-06-26 03:22:11,166 [INFO] django.server: "GET /api/talent-engine/requisitions/ HTTP/1.1" 200 16508
2025-06-26 03:22:11,305 [INFO] django.server: "GET /api/talent-engine/requisitions/ HTTP/1.1" 200 16508
2025-06-26 03:22:12,355 [INFO] django.server: "GET /api/talent-engine/requisitions/ HTTP/1.1" 200 16508
2025-06-26 03:22:12,498 [INFO] django.server: "GET /api/talent-engine/requisitions/ HTTP/1.1" 200 16508
2025-06-26 03:22:13,896 [INFO] django.server: "GET /api/talent-engine/requisitions/ HTTP/1.1" 200 16508
2025-06-26 03:22:14,007 [INFO] django.server: "GET /api/talent-engine/requisitions/ HTTP/1.1" 200 16508
2025-06-26 03:22:14,718 [INFO] django.server: "GET /api/talent-engine/requisitions/ HTTP/1.1" 200 16508
2025-06-26 03:22:14,831 [INFO] django.server: "GET /api/talent-engine/requisitions/ HTTP/1.1" 200 16508
2025-06-26 03:22:18,663 [INFO] django.server: "OPTIONS /api/talent-engine-job-applications/applications/job-requisitions/PRO-0002/applications/ HTTP/1.1" 200 0
2025-06-26 03:22:18,665 [INFO] django.server: "OPTIONS /api/talent-engine-job-applications/applications/job-requisitions/PRO-0002/applications/ HTTP/1.1" 200 0
2025-06-26 03:22:18,753 [ERROR] django.request: Internal Server Error: /api/talent-engine-job-applications/applications/job-requisitions/PRO-0002/applications/
2025-06-26 03:22:18,754 [ERROR] django.server: "GET /api/talent-engine-job-applications/applications/job-requisitions/PRO-0002/applications/ HTTP/1.1" 500 138
2025-06-26 03:22:18,833 [ERROR] django.request: Internal Server Error: /api/talent-engine-job-applications/applications/job-requisitions/PRO-0002/applications/
2025-06-26 03:22:18,834 [ERROR] django.server: "GET /api/talent-engine-job-applications/applications/job-requisitions/PRO-0002/applications/ HTTP/1.1" 500 138
2025-06-26 03:23:44,051 [INFO] django.utils.autoreload: C:\Users\CPT-003\Desktop\Proliance Source Codes\Backend\crm_api\job_application\serializers.py changed, reloading.
2025-06-26 03:23:45,703 [INFO] django.utils.autoreload: Watching for file changes with StatReloader
2025-06-26 03:24:12,706 [INFO] django.utils.autoreload: C:\Users\CPT-003\Desktop\Proliance Source Codes\Backend\crm_api\job_application\serializers.py changed, reloading.
2025-06-26 03:24:14,552 [INFO] django.utils.autoreload: Watching for file changes with StatReloader
2025-06-26 03:24:19,733 [INFO] django.server: "GET /api/token/validate/ HTTP/1.1" 200 502
2025-06-26 03:24:20,114 [INFO] django.server: "GET /api/token/validate/ HTTP/1.1" 200 502
2025-06-26 03:24:20,220 [INFO] django.server: "GET /api/talent-engine-job-applications/applications/job-requisitions/PRO-0002/applications/ HTTP/1.1" 200 25478
2025-06-26 03:24:20,440 [INFO] django.server: "GET /api/talent-engine-job-applications/applications/job-requisitions/PRO-0002/applications/ HTTP/1.1" 200 25478
2025-06-26 03:24:29,813 [INFO] django.server: "GET /api/talent-engine/requisitions/ HTTP/1.1" 200 16508
2025-06-26 03:24:29,916 [INFO] django.server: "GET /api/talent-engine/requisitions/ HTTP/1.1" 200 16508
2025-06-26 03:24:31,770 [INFO] django.server: "OPTIONS /api/talent-engine-job-applications/applications/job-requisitions/PRO-0005/applications/ HTTP/1.1" 200 0
2025-06-26 03:24:31,770 [INFO] django.server: "OPTIONS /api/talent-engine-job-applications/applications/job-requisitions/PRO-0005/applications/ HTTP/1.1" 200 0
2025-06-26 03:24:31,856 [INFO] django.server: "GET /api/talent-engine-job-applications/applications/job-requisitions/PRO-0005/applications/ HTTP/1.1" 200 3186
2025-06-26 03:24:31,949 [INFO] django.server: "GET /api/talent-engine-job-applications/applications/job-requisitions/PRO-0005/applications/ HTTP/1.1" 200 3186
2025-06-26 03:24:33,478 [INFO] django.server: "GET /api/talent-engine-job-applications/published-requisitions-with-shortlisted/ HTTP/1.1" 200 41918
2025-06-26 03:24:33,691 [INFO] django.server: "GET /api/talent-engine-job-applications/published-requisitions-with-shortlisted/ HTTP/1.1" 200 41918
2025-06-26 03:24:34,902 [INFO] django.server: "GET /api/talent-engine/requisitions/ HTTP/1.1" 200 16508
2025-06-26 03:24:35,019 [INFO] django.server: "GET /api/talent-engine/requisitions/ HTTP/1.1" 200 16508
2025-06-26 03:24:36,297 [INFO] django.server: "GET /api/talent-engine-job-applications/applications/job-requisitions/PRO-0002/applications/ HTTP/1.1" 200 25478
2025-06-26 03:24:36,521 [INFO] django.server: "GET /api/talent-engine-job-applications/applications/job-requisitions/PRO-0002/applications/ HTTP/1.1" 200 25478
2025-06-26 03:26:09,434 [INFO] django.server: "GET /api/talent-engine-job-applications/applications/job-requisitions/PRO-0002/applications/ HTTP/1.1" 200 25478
2025-06-26 03:28:27,600 [INFO] django.utils.autoreload: C:\Users\CPT-003\Desktop\Proliance Source Codes\Backend\crm_api\lumina_care\settings.py changed, reloading.
2025-06-26 03:28:29,512 [INFO] django.utils.autoreload: Watching for file changes with StatReloader
2025-06-26 03:29:02,396 [INFO] django.server: "POST /api/talent-engine-job-applications/schedules HTTP/1.1" 301 0
2025-06-26 03:29:02,460 [WARNING] django.request: Bad Request: /api/talent-engine-job-applications/schedules/
2025-06-26 03:29:02,461 [WARNING] django.server: "POST /api/talent-engine-job-applications/schedules/ HTTP/1.1" 400 140
2025-06-26 03:29:28,577 [ERROR] django.request: Internal Server Error: /api/talent-engine-job-applications/applications/job-requisitions/PRO-0002/applications/
2025-06-26 03:29:28,577 [ERROR] django.server: "GET /api/talent-engine-job-applications/applications/job-requisitions/PRO-0002/applications/ HTTP/1.1" 500 55
2025-06-26 03:29:33,925 [ERROR] django.request: Internal Server Error: /api/talent-engine-job-applications/applications/job-requisitions/PRO-0001/applications/
2025-06-26 03:29:33,926 [ERROR] django.server: "GET /api/talent-engine-job-applications/applications/job-requisitions/PRO-0001/applications/ HTTP/1.1" 500 55
2025-06-26 03:29:50,931 [ERROR] django.request: Internal Server Error: /api/talent-engine-job-applications/applications/job-requisitions/PRO-0002/applications/
2025-06-26 03:29:50,932 [ERROR] django.server: "GET /api/talent-engine-job-applications/applications/job-requisitions/PRO-0002/applications/ HTTP/1.1" 500 55
2025-06-26 03:30:13,886 [INFO] django.server: "GET /api/talent-engine-job-applications/applications/ HTTP/1.1" 200 2
2025-06-26 03:30:30,055 [INFO] django.server: "GET /api/token/validate/ HTTP/1.1" 200 502
2025-06-26 03:30:30,181 [INFO] django.server: "GET /api/token/validate/ HTTP/1.1" 200 502
2025-06-26 03:30:30,284 [INFO] django.server: "GET /api/talent-engine-job-applications/applications/job-requisitions/PRO-0002/applications/ HTTP/1.1" 200 25478
2025-06-26 03:30:30,413 [INFO] django.server: "GET /api/talent-engine-job-applications/applications/job-requisitions/PRO-0002/applications/ HTTP/1.1" 200 25478
2025-06-26 03:30:51,391 [ERROR] django.request: Internal Server Error: /api/talent-engine-job-applications/applications/job-requisitions/PRO-0002/applications/
2025-06-26 03:30:51,392 [ERROR] django.server: "GET /api/talent-engine-job-applications/applications/job-requisitions/PRO-0002/applications/ HTTP/1.1" 500 55
2025-06-26 03:31:15,779 [INFO] django.server: "POST /api/token/ HTTP/1.1" 200 1086
2025-06-26 03:31:27,213 [INFO] django.server: "GET /api/talent-engine-job-applications/applications/job-requisitions/PRO-0002/applications/ HTTP/1.1" 200 25478
2025-06-26 03:31:43,910 [INFO] django.server: "GET /api/talent-engine-job-applications/applications/ HTTP/1.1" 200 35417
2025-06-26 03:32:36,312 [INFO] django.utils.autoreload: C:\Users\CPT-003\Desktop\Proliance Source Codes\Backend\crm_api\job_application\serializers.py changed, reloading.
2025-06-26 03:32:38,095 [INFO] django.utils.autoreload: Watching for file changes with StatReloader
2025-06-26 03:32:45,691 [INFO] django.utils.autoreload: C:\Users\CPT-003\Desktop\Proliance Source Codes\Backend\crm_api\job_application\serializers.py changed, reloading.
2025-06-26 03:32:47,505 [INFO] django.utils.autoreload: Watching for file changes with StatReloader
2025-06-26 03:33:01,787 [ERROR] django.request: Internal Server Error: /api/talent-engine-job-applications/applications/
2025-06-26 03:33:01,788 [ERROR] django.server: "GET /api/talent-engine-job-applications/applications/ HTTP/1.1" 500 138
2025-06-26 03:35:15,540 [INFO] django.utils.autoreload: C:\Users\CPT-003\Desktop\Proliance Source Codes\Backend\crm_api\job_application\models.py changed, reloading.
2025-06-26 03:35:17,917 [INFO] django.utils.autoreload: Watching for file changes with StatReloader
2025-06-26 03:38:50,406 [INFO] django.utils.autoreload: Watching for file changes with StatReloader
2025-06-26 03:38:58,602 [INFO] django.server: "GET /api/token/validate/ HTTP/1.1" 200 502
2025-06-26 03:38:58,714 [INFO] django.server: "GET /api/token/validate/ HTTP/1.1" 200 502
2025-06-26 03:38:58,804 [INFO] django.server: "GET /api/talent-engine-job-applications/applications/job-requisitions/PRO-0002/applications/ HTTP/1.1" 200 26000
2025-06-26 03:38:58,927 [INFO] django.server: "GET /api/talent-engine-job-applications/applications/job-requisitions/PRO-0002/applications/ HTTP/1.1" 200 26000
2025-06-26 03:39:26,332 [INFO] django.server: "GET /api/talent-engine-job-applications/applications/job-requisitions/PRO-0002/applications/ HTTP/1.1" 200 26000
2025-06-26 03:39:33,944 [INFO] django.server: "GET /api/talent-engine-job-applications/published-requisitions-with-shortlisted/ HTTP/1.1" 200 42382
2025-06-26 03:39:34,110 [INFO] django.server: "GET /api/talent-engine-job-applications/published-requisitions-with-shortlisted/ HTTP/1.1" 200 42382
2025-06-26 03:39:35,715 [INFO] django.server: "GET /api/talent-engine/requisitions/ HTTP/1.1" 200 16508
2025-06-26 03:39:35,828 [INFO] django.server: "GET /api/talent-engine/requisitions/ HTTP/1.1" 200 16508
2025-06-26 03:39:38,185 [INFO] django.server: "GET /api/talent-engine/requisitions/ HTTP/1.1" 200 16508
2025-06-26 03:39:38,294 [INFO] django.server: "GET /api/talent-engine/requisitions/ HTTP/1.1" 200 16508
2025-06-26 03:40:28,230 [INFO] django.server: "GET /api/talent-engine/requisitions/ HTTP/1.1" 200 16508
2025-06-26 03:41:19,266 [INFO] django.server: "GET /api/talent-engine/requisitions/ HTTP/1.1" 200 16508
2025-06-26 03:42:10,251 [INFO] django.server: "GET /api/talent-engine/requisitions/ HTTP/1.1" 200 16508
2025-06-26 03:43:01,326 [INFO] django.server: "GET /api/talent-engine/requisitions/ HTTP/1.1" 200 16508
2025-06-26 03:43:52,256 [INFO] django.server: "GET /api/talent-engine/requisitions/ HTTP/1.1" 200 16508
2025-06-26 03:44:43,262 [INFO] django.server: "GET /api/talent-engine/requisitions/ HTTP/1.1" 200 16508
2025-06-26 03:45:04,192 [INFO] talent_engine: Job requisition accessed via link: Instrumentation Engineer Man for tenant proliance
2025-06-26 03:45:04,201 [INFO] django.server: "GET /api/talent-engine/requisitions/by-link/proliance-instrumentation-engineer-man-9ea58c8c/ HTTP/1.1" 200 2658
2025-06-26 03:45:04,298 [INFO] talent_engine: Job requisition accessed via link: Instrumentation Engineer Man for tenant proliance
2025-06-26 03:45:04,308 [INFO] django.server: "GET /api/talent-engine/requisitions/by-link/proliance-instrumentation-engineer-man-9ea58c8c/ HTTP/1.1" 200 2658
2025-06-26 03:45:07,936 [INFO] talent_engine: Job requisition accessed via link: Instrumentation Engineer Man for tenant proliance
2025-06-26 03:45:07,950 [INFO] django.server: "GET /api/talent-engine/requisitions/by-link/proliance-instrumentation-engineer-man-9ea58c8c/ HTTP/1.1" 200 2658
2025-06-26 03:45:08,123 [INFO] talent_engine: Job requisition accessed via link: Instrumentation Engineer Man for tenant proliance
2025-06-26 03:45:08,142 [INFO] django.server: "GET /api/talent-engine/requisitions/by-link/proliance-instrumentation-engineer-man-9ea58c8c/ HTTP/1.1" 200 2658
2025-06-26 03:45:25,087 [INFO] talent_engine: Job requisition accessed via link: Instrumentation Engineer Man for tenant proliance
2025-06-26 03:45:25,095 [INFO] django.server: "GET /api/talent-engine/requisitions/by-link/proliance-instrumentation-engineer-man-9ea58c8c/ HTTP/1.1" 200 2658
2025-06-26 03:45:25,183 [INFO] talent_engine: Job requisition accessed via link: Instrumentation Engineer Man for tenant proliance
2025-06-26 03:45:25,191 [INFO] django.server: "GET /api/talent-engine/requisitions/by-link/proliance-instrumentation-engineer-man-9ea58c8c/ HTTP/1.1" 200 2658
2025-06-26 03:45:34,234 [INFO] django.server: "GET /api/talent-engine/requisitions/ HTTP/1.1" 200 16508
2025-06-26 03:46:25,225 [INFO] django.server: "GET /api/talent-engine/requisitions/ HTTP/1.1" 200 16508
2025-06-26 03:46:49,237 [INFO] talent_engine: Job requisition accessed via link: Instrumentation Engineer Man for tenant proliance
2025-06-26 03:46:49,245 [INFO] django.server: "GET /api/talent-engine/requisitions/by-link/proliance-instrumentation-engineer-man-9ea58c8c/ HTTP/1.1" 200 2658
2025-06-26 03:47:16,242 [INFO] django.server: "GET /api/talent-engine/requisitions/ HTTP/1.1" 200 16508
2025-06-26 03:48:07,278 [INFO] django.server: "GET /api/talent-engine/requisitions/ HTTP/1.1" 200 16508
2025-06-26 03:48:18,833 [WARNING] django.request: Bad Request: /api/talent-engine-job-applications/applications/
2025-06-26 03:48:18,834 [WARNING] django.server: "POST /api/talent-engine-job-applications/applications/ HTTP/1.1" 400 45
2025-06-26 03:48:58,267 [INFO] django.server: "GET /api/talent-engine/requisitions/ HTTP/1.1" 200 16508
2025-06-26 03:49:49,233 [INFO] django.server: "GET /api/talent-engine/requisitions/ HTTP/1.1" 200 16508
2025-06-26 03:50:40,244 [INFO] django.server: "GET /api/talent-engine/requisitions/ HTTP/1.1" 200 16508
2025-06-26 03:51:31,232 [INFO] django.server: "GET /api/talent-engine/requisitions/ HTTP/1.1" 200 16508
2025-06-26 03:51:56,256 [INFO] django.utils.autoreload: C:\Users\CPT-003\Desktop\Proliance Source Codes\Backend\crm_api\job_application\views.py changed, reloading.
2025-06-26 03:51:58,282 [INFO] django.utils.autoreload: Watching for file changes with StatReloader
2025-06-26 03:52:11,251 [INFO] django.utils.autoreload: C:\Users\CPT-003\Desktop\Proliance Source Codes\Backend\crm_api\job_application\views.py changed, reloading.
2025-06-26 03:52:13,915 [INFO] django.utils.autoreload: Watching for file changes with StatReloader
2025-06-26 03:52:20,721 [INFO] django.utils.autoreload: C:\Users\CPT-003\Desktop\Proliance Source Codes\Backend\crm_api\job_application\views.py changed, reloading.
2025-06-26 03:52:22,895 [INFO] django.utils.autoreload: Watching for file changes with StatReloader
2025-06-26 03:52:24,135 [INFO] django.server: "GET /api/talent-engine/requisitions/ HTTP/1.1" 200 16508
2025-06-26 03:53:13,217 [INFO] django.server: "GET /api/talent-engine/requisitions/ HTTP/1.1" 200 16508
2025-06-26 03:53:59,669 [WARNING] django.request: Bad Request: /api/talent-engine-job-applications/applications/
2025-06-26 03:53:59,669 [WARNING] django.server: "POST /api/talent-engine-job-applications/applications/ HTTP/1.1" 400 235
2025-06-26 03:54:04,234 [INFO] django.server: "GET /api/talent-engine/requisitions/ HTTP/1.1" 200 16508
2025-06-26 03:54:15,241 [INFO] django.server: "POST /api/talent-engine-job-applications/applications/ HTTP/1.1" 201 79
2025-06-26 03:54:19,012 [INFO] talent_engine: Job requisition accessed via link: Instrumentation Engineer Man for tenant proliance
2025-06-26 03:54:19,020 [INFO] django.server: "GET /api/talent-engine/requisitions/by-link/proliance-instrumentation-engineer-man-9ea58c8c/ HTTP/1.1" 200 2658
2025-06-26 03:54:19,194 [INFO] talent_engine: Job requisition accessed via link: Instrumentation Engineer Man for tenant proliance
2025-06-26 03:54:19,200 [INFO] django.server: "GET /api/talent-engine/requisitions/by-link/proliance-instrumentation-engineer-man-9ea58c8c/ HTTP/1.1" 200 2658
2025-06-26 03:54:55,316 [INFO] django.server: "GET /api/talent-engine/requisitions/ HTTP/1.1" 200 16508
2025-06-26 03:55:46,243 [INFO] django.server: "GET /api/talent-engine/requisitions/ HTTP/1.1" 200 16508
2025-06-26 03:56:37,225 [INFO] django.server: "GET /api/talent-engine/requisitions/ HTTP/1.1" 200 16508
2025-06-26 03:57:28,257 [INFO] django.server: "GET /api/talent-engine/requisitions/ HTTP/1.1" 200 16508
2025-06-26 03:58:09,261 [INFO] talent_engine: Job requisition accessed via link: Instrumentation Engineer Man for tenant proliance
2025-06-26 03:58:09,271 [INFO] django.server: "GET /api/talent-engine/requisitions/by-link/proliance-instrumentation-engineer-man-9ea58c8c/ HTTP/1.1" 200 2658
2025-06-26 03:58:19,233 [INFO] django.server: "GET /api/talent-engine/requisitions/ HTTP/1.1" 200 16508
2025-06-26 03:58:30,615 [INFO] talent_engine: Job requisition accessed via link: Instrumentation Engineer Man for tenant proliance
2025-06-26 03:58:30,624 [INFO] django.server: "GET /api/talent-engine/requisitions/by-link/proliance-instrumentation-engineer-man-9ea58c8c/ HTTP/1.1" 200 2658
2025-06-26 03:58:30,720 [INFO] talent_engine: Job requisition accessed via link: Instrumentation Engineer Man for tenant proliance
2025-06-26 03:58:30,726 [INFO] django.server: "GET /api/talent-engine/requisitions/by-link/proliance-instrumentation-engineer-man-9ea58c8c/ HTTP/1.1" 200 2658
2025-06-26 03:59:10,234 [INFO] django.server: "GET /api/talent-engine/requisitions/ HTTP/1.1" 200 16508
2025-06-26 03:59:49,188 [INFO] talent_engine: Job requisition accessed via link: Instrumentation Engineer Man for tenant proliance
2025-06-26 03:59:49,197 [INFO] django.server: "GET /api/talent-engine/requisitions/by-link/proliance-instrumentation-engineer-man-9ea58c8c/ HTTP/1.1" 200 2658
2025-06-26 03:59:54,344 [INFO] django.server: "POST /api/talent-engine-job-applications/applications/ HTTP/1.1" 201 79
2025-06-26 03:59:57,926 [INFO] talent_engine: Job requisition accessed via link: Instrumentation Engineer Man for tenant proliance
2025-06-26 03:59:57,937 [INFO] django.server: "GET /api/talent-engine/requisitions/by-link/proliance-instrumentation-engineer-man-9ea58c8c/ HTTP/1.1" 200 2658
2025-06-26 03:59:58,039 [INFO] talent_engine: Job requisition accessed via link: Instrumentation Engineer Man for tenant proliance
2025-06-26 03:59:58,045 [INFO] django.server: "GET /api/talent-engine/requisitions/by-link/proliance-instrumentation-engineer-man-9ea58c8c/ HTTP/1.1" 200 2658
2025-06-26 04:00:01,230 [INFO] django.server: "GET /api/talent-engine/requisitions/ HTTP/1.1" 200 16508
2025-06-26 04:00:35,072 [INFO] django.server: "POST /api/talent-engine-job-applications/applications/ HTTP/1.1" 201 79
2025-06-26 04:00:38,700 [INFO] talent_engine: Job requisition accessed via link: Instrumentation Engineer Man for tenant proliance
2025-06-26 04:00:38,708 [INFO] django.server: "GET /api/talent-engine/requisitions/by-link/proliance-instrumentation-engineer-man-9ea58c8c/ HTTP/1.1" 200 2658
2025-06-26 04:00:38,807 [INFO] talent_engine: Job requisition accessed via link: Instrumentation Engineer Man for tenant proliance
2025-06-26 04:00:38,812 [INFO] django.server: "GET /api/talent-engine/requisitions/by-link/proliance-instrumentation-engineer-man-9ea58c8c/ HTTP/1.1" 200 2658
2025-06-26 04:21:45,668 [INFO] django.utils.autoreload: C:\Users\CPT-003\Desktop\Proliance Source Codes\Backend\crm_api\lumina_care\settings.py changed, reloading.
2025-06-26 04:21:47,543 [INFO] django.utils.autoreload: Watching for file changes with StatReloader
